Determining if the pthread_create exist failed with the following output:
Change Dir: /home/aramist/agricultural-robot/src/roborio/cmake-build-debug/CMakeFiles/CMakeTmp

Run Build Command:"/usr/bin/make" "cmTC_3d794/fast"
/usr/bin/make -f CMakeFiles/cmTC_3d794.dir/build.make CMakeFiles/cmTC_3d794.dir/build
make[1]: Entering directory '/home/aramist/agricultural-robot/src/roborio/cmake-build-debug/CMakeFiles/CMakeTmp'
Building C object CMakeFiles/cmTC_3d794.dir/CheckSymbolExists.c.o
/usr/bin/cc    -o CMakeFiles/cmTC_3d794.dir/CheckSymbolExists.c.o   -c /home/aramist/agricultural-robot/src/roborio/cmake-build-debug/CMakeFiles/CMakeTmp/CheckSymbolExists.c
Linking C executable cmTC_3d794
/home/aramist/.local/share/JetBrains/Toolbox/apps/CLion/ch-0/182.3684.76/bin/cmake/linux/bin/cmake -E cmake_link_script CMakeFiles/cmTC_3d794.dir/link.txt --verbose=1
/usr/bin/cc      -rdynamic CMakeFiles/cmTC_3d794.dir/CheckSymbolExists.c.o  -o cmTC_3d794 
CMakeFiles/cmTC_3d794.dir/CheckSymbolExists.c.o: In function `main':
CheckSymbolExists.c:(.text+0x1b): undefined reference to `pthread_create'
collect2: error: ld returned 1 exit status
CMakeFiles/cmTC_3d794.dir/build.make:86: recipe for target 'cmTC_3d794' failed
make[1]: *** [cmTC_3d794] Error 1
make[1]: Leaving directory '/home/aramist/agricultural-robot/src/roborio/cmake-build-debug/CMakeFiles/CMakeTmp'
Makefile:121: recipe for target 'cmTC_3d794/fast' failed
make: *** [cmTC_3d794/fast] Error 2

File /home/aramist/agricultural-robot/src/roborio/cmake-build-debug/CMakeFiles/CMakeTmp/CheckSymbolExists.c:
/* */
#include <pthread.h>

int main(int argc, char** argv)
{
  (void)argv;
#ifndef pthread_create
  return ((int*)(&pthread_create))[argc];
#else
  (void)argc;
  return 0;
#endif
}

Determining if the function pthread_create exists in the pthreads failed with the following output:
Change Dir: /home/aramist/agricultural-robot/src/roborio/cmake-build-debug/CMakeFiles/CMakeTmp

Run Build Command:"/usr/bin/make" "cmTC_7410f/fast"
/usr/bin/make -f CMakeFiles/cmTC_7410f.dir/build.make CMakeFiles/cmTC_7410f.dir/build
make[1]: Entering directory '/home/aramist/agricultural-robot/src/roborio/cmake-build-debug/CMakeFiles/CMakeTmp'
Building C object CMakeFiles/cmTC_7410f.dir/CheckFunctionExists.c.o
/usr/bin/cc   -DCHECK_FUNCTION_EXISTS=pthread_create   -o CMakeFiles/cmTC_7410f.dir/CheckFunctionExists.c.o   -c /home/aramist/.local/share/JetBrains/Toolbox/apps/CLion/ch-0/182.3684.76/bin/cmake/linux/share/cmake-3.12/Modules/CheckFunctionExists.c
Linking C executable cmTC_7410f
/home/aramist/.local/share/JetBrains/Toolbox/apps/CLion/ch-0/182.3684.76/bin/cmake/linux/bin/cmake -E cmake_link_script CMakeFiles/cmTC_7410f.dir/link.txt --verbose=1
/usr/bin/cc  -DCHECK_FUNCTION_EXISTS=pthread_create    -rdynamic CMakeFiles/cmTC_7410f.dir/CheckFunctionExists.c.o  -o cmTC_7410f -lpthreads 
/usr/bin/x86_64-linux-gnu-ld: cannot find -lpthreads
collect2: error: ld returned 1 exit status
CMakeFiles/cmTC_7410f.dir/build.make:86: recipe for target 'cmTC_7410f' failed
make[1]: *** [cmTC_7410f] Error 1
make[1]: Leaving directory '/home/aramist/agricultural-robot/src/roborio/cmake-build-debug/CMakeFiles/CMakeTmp'
Makefile:121: recipe for target 'cmTC_7410f/fast' failed
make: *** [cmTC_7410f/fast] Error 2


